<?xml version="1.0" encoding="UTF-8"?>
<testsuite xmlns:xsi="http://www.w3.org/2001/XMLSchema-instance" xsi:noNamespaceSchemaLocation="https://maven.apache.org/surefire/maven-surefire-plugin/xsd/surefire-test-report.xsd" name="com.heima.search.test.RedisTest" time="0.013" tests="1" errors="1" skipped="0" failures="0">
  <properties>
    <property name="gopherProxySet" value="false"/>
    <property name="awt.toolkit" value="sun.lwawt.macosx.LWCToolkit"/>
    <property name="file.encoding.pkg" value="sun.io"/>
    <property name="java.specification.version" value="1.8"/>
    <property name="sun.cpu.isalist" value=""/>
    <property name="sun.jnu.encoding" value="UTF-8"/>
    <property name="java.class.path" value="/Users/wangzifeng/Documents/myprojects/heima-leadnews/heima-leadnews-search/target/test-classes:/Users/wangzifeng/Documents/myprojects/heima-leadnews/heima-leadnews-search/target/classes:/Users/wangzifeng/Documents/myprojects/heima-leadnews/heima-leadnews-model/target/heima-leadnews-model-1.0-SNAPSHOT.jar:/Users/wangzifeng/.m2/repository/com/alibaba/fastjson/1.2.58/fastjson-1.2.58.jar:/Users/wangzifeng/.m2/repository/io/springfox/springfox-swagger2/2.9.2/springfox-swagger2-2.9.2.jar:/Users/wangzifeng/.m2/repository/io/swagger/swagger-annotations/1.5.20/swagger-annotations-1.5.20.jar:/Users/wangzifeng/.m2/repository/io/swagger/swagger-models/1.5.20/swagger-models-1.5.20.jar:/Users/wangzifeng/.m2/repository/com/fasterxml/jackson/core/jackson-annotations/2.10.3/jackson-annotations-2.10.3.jar:/Users/wangzifeng/.m2/repository/io/springfox/springfox-spi/2.9.2/springfox-spi-2.9.2.jar:/Users/wangzifeng/.m2/repository/io/springfox/springfox-core/2.9.2/springfox-core-2.9.2.jar:/Users/wangzifeng/.m2/repository/io/springfox/springfox-schema/2.9.2/springfox-schema-2.9.2.jar:/Users/wangzifeng/.m2/repository/io/springfox/springfox-swagger-common/2.9.2/springfox-swagger-common-2.9.2.jar:/Users/wangzifeng/.m2/repository/io/springfox/springfox-spring-web/2.9.2/springfox-spring-web-2.9.2.jar:/Users/wangzifeng/.m2/repository/com/google/guava/guava/28.2-android/guava-28.2-android.jar:/Users/wangzifeng/.m2/repository/com/google/guava/failureaccess/1.0.1/failureaccess-1.0.1.jar:/Users/wangzifeng/.m2/repository/com/google/guava/listenablefuture/9999.0-empty-to-avoid-conflict-with-guava/listenablefuture-9999.0-empty-to-avoid-conflict-with-guava.jar:/Users/wangzifeng/.m2/repository/com/google/code/findbugs/jsr305/3.0.2/jsr305-3.0.2.jar:/Users/wangzifeng/.m2/repository/org/checkerframework/checker-compat-qual/2.5.5/checker-compat-qual-2.5.5.jar:/Users/wangzifeng/.m2/repository/com/google/errorprone/error_prone_annotations/2.3.4/error_prone_annotations-2.3.4.jar:/Users/wangzifeng/.m2/repository/com/google/j2objc/j2objc-annotations/1.3/j2objc-annotations-1.3.jar:/Users/wangzifeng/.m2/repository/com/fasterxml/classmate/1.5.1/classmate-1.5.1.jar:/Users/wangzifeng/.m2/repository/org/slf4j/slf4j-api/1.7.30/slf4j-api-1.7.30.jar:/Users/wangzifeng/.m2/repository/org/springframework/plugin/spring-plugin-core/1.2.0.RELEASE/spring-plugin-core-1.2.0.RELEASE.jar:/Users/wangzifeng/.m2/repository/org/springframework/plugin/spring-plugin-metadata/1.2.0.RELEASE/spring-plugin-metadata-1.2.0.RELEASE.jar:/Users/wangzifeng/.m2/repository/org/mapstruct/mapstruct/1.2.0.Final/mapstruct-1.2.0.Final.jar:/Users/wangzifeng/.m2/repository/io/springfox/springfox-swagger-ui/2.9.2/springfox-swagger-ui-2.9.2.jar:/Users/wangzifeng/.m2/repository/org/springframework/boot/spring-boot-starter-validation/2.2.6.RELEASE/spring-boot-starter-validation-2.2.6.RELEASE.jar:/Users/wangzifeng/.m2/repository/jakarta/validation/jakarta.validation-api/2.0.2/jakarta.validation-api-2.0.2.jar:/Users/wangzifeng/.m2/repository/org/apache/tomcat/embed/tomcat-embed-el/9.0.33/tomcat-embed-el-9.0.33.jar:/Users/wangzifeng/.m2/repository/org/hibernate/validator/hibernate-validator/6.0.18.Final/hibernate-validator-6.0.18.Final.jar:/Users/wangzifeng/.m2/repository/org/jboss/logging/jboss-logging/3.4.1.Final/jboss-logging-3.4.1.Final.jar:/Users/wangzifeng/Documents/myprojects/heima-leadnews/heima-leadnews-common/target/heima-leadnews-common-1.0-SNAPSHOT.jar:/Users/wangzifeng/.m2/repository/org/reflections/reflections/0.9.11/reflections-0.9.11.jar:/Users/wangzifeng/.m2/repository/org/javassist/javassist/3.21.0-GA/javassist-3.21.0-GA.jar:/Users/wangzifeng/.m2/repository/org/springframework/boot/spring-boot-starter-aop/2.2.6.RELEASE/spring-boot-starter-aop-2.2.6.RELEASE.jar:/Users/wangzifeng/.m2/repository/org/springframework/spring-aop/5.2.5.RELEASE/spring-aop-5.2.5.RELEASE.jar:/Users/wangzifeng/.m2/repository/org/aspectj/aspectjweaver/1.9.5/aspectjweaver-1.9.5.jar:/Users/wangzifeng/.m2/repository/org/springframework/boot/spring-boot-test/2.2.6.RELEASE/spring-boot-test-2.2.6.RELEASE.jar:/Users/wangzifeng/.m2/repository/org/springframework/boot/spring-boot/2.2.6.RELEASE/spring-boot-2.2.6.RELEASE.jar:/Users/wangzifeng/.m2/repository/org/springframework/boot/spring-boot-starter-actuator/2.2.6.RELEASE/spring-boot-starter-actuator-2.2.6.RELEASE.jar:/Users/wangzifeng/.m2/repository/org/springframework/boot/spring-boot-actuator-autoconfigure/2.2.6.RELEASE/spring-boot-actuator-autoconfigure-2.2.6.RELEASE.jar:/Users/wangzifeng/.m2/repository/org/springframework/boot/spring-boot-actuator/2.2.6.RELEASE/spring-boot-actuator-2.2.6.RELEASE.jar:/Users/wangzifeng/.m2/repository/io/micrometer/micrometer-core/1.3.6/micrometer-core-1.3.6.jar:/Users/wangzifeng/.m2/repository/org/latencyutils/LatencyUtils/2.0.3/LatencyUtils-2.0.3.jar:/Users/wangzifeng/.m2/repository/org/apache/commons/commons-pool2/2.7.0/commons-pool2-2.7.0.jar:/Users/wangzifeng/.m2/repository/com/aliyun/aliyun-java-sdk-core/4.1.1/aliyun-java-sdk-core-4.1.1.jar:/Users/wangzifeng/.m2/repository/com/google/code/gson/gson/2.8.6/gson-2.8.6.jar:/Users/wangzifeng/.m2/repository/javax/xml/bind/jaxb-api/2.3.1/jaxb-api-2.3.1.jar:/Users/wangzifeng/.m2/repository/javax/activation/javax.activation-api/1.2.0/javax.activation-api-1.2.0.jar:/Users/wangzifeng/.m2/repository/com/sun/xml/bind/jaxb-core/2.1.14/jaxb-core-2.1.14.jar:/Users/wangzifeng/.m2/repository/com/sun/xml/bind/jaxb-impl/2.1/jaxb-impl-2.1.jar:/Users/wangzifeng/.m2/repository/javax/activation/activation/1.1.1/activation-1.1.1.jar:/Users/wangzifeng/.m2/repository/com/aliyun/aliyun-java-sdk-green/3.4.1/aliyun-java-sdk-green-3.4.1.jar:/Users/wangzifeng/.m2/repository/com/aliyun/oss/aliyun-sdk-oss/3.1.0/aliyun-sdk-oss-3.1.0.jar:/Users/wangzifeng/.m2/repository/org/jdom/jdom/1.1/jdom-1.1.jar:/Users/wangzifeng/.m2/repository/com/sun/jersey/jersey-json/1.9/jersey-json-1.9.jar:/Users/wangzifeng/.m2/repository/org/codehaus/jettison/jettison/1.1/jettison-1.1.jar:/Users/wangzifeng/.m2/repository/stax/stax-api/1.0.1/stax-api-1.0.1.jar:/Users/wangzifeng/.m2/repository/org/codehaus/jackson/jackson-core-asl/1.8.3/jackson-core-asl-1.8.3.jar:/Users/wangzifeng/.m2/repository/org/codehaus/jackson/jackson-mapper-asl/1.8.3/jackson-mapper-asl-1.8.3.jar:/Users/wangzifeng/.m2/repository/org/codehaus/jackson/jackson-jaxrs/1.8.3/jackson-jaxrs-1.8.3.jar:/Users/wangzifeng/.m2/repository/org/codehaus/jackson/jackson-xc/1.8.3/jackson-xc-1.8.3.jar:/Users/wangzifeng/.m2/repository/com/sun/jersey/jersey-core/1.9/jersey-core-1.9.jar:/Users/wangzifeng/.m2/repository/com/aliyun/aliyun-java-sdk-ram/3.0.0/aliyun-java-sdk-ram-3.0.0.jar:/Users/wangzifeng/.m2/repository/com/aliyun/aliyun-java-sdk-sts/3.0.0/aliyun-java-sdk-sts-3.0.0.jar:/Users/wangzifeng/.m2/repository/com/aliyun/aliyun-java-sdk-ecs/4.2.0/aliyun-java-sdk-ecs-4.2.0.jar:/Users/wangzifeng/.m2/repository/junit/junit/4.12/junit-4.12.jar:/Users/wangzifeng/.m2/repository/org/hamcrest/hamcrest-core/2.1/hamcrest-core-2.1.jar:/Users/wangzifeng/.m2/repository/joda-time/joda-time/2.10.5/joda-time-2.10.5.jar:/Users/wangzifeng/.m2/repository/com/github/xiaoymin/knife4j-spring-boot-starter/2.0.2/knife4j-spring-boot-starter-2.0.2.jar:/Users/wangzifeng/.m2/repository/com/github/xiaoymin/knife4j-spring-boot-autoconfigure/2.0.2/knife4j-spring-boot-autoconfigure-2.0.2.jar:/Users/wangzifeng/.m2/repository/com/github/xiaoymin/knife4j-spring/2.0.2/knife4j-spring-2.0.2.jar:/Users/wangzifeng/.m2/repository/com/github/xiaoymin/knife4j-annotations/2.0.2/knife4j-annotations-2.0.2.jar:/Users/wangzifeng/.m2/repository/com/github/xiaoymin/knife4j-core/2.0.2/knife4j-core-2.0.2.jar:/Users/wangzifeng/.m2/repository/io/springfox/springfox-bean-validators/2.9.2/springfox-bean-validators-2.9.2.jar:/Users/wangzifeng/.m2/repository/com/github/xiaoymin/knife4j-spring-ui/2.0.2/knife4j-spring-ui-2.0.2.jar:/Users/wangzifeng/.m2/repository/commons-codec/commons-codec/1.12/commons-codec-1.12.jar:/Users/wangzifeng/.m2/repository/io/jsonwebtoken/jjwt/0.9.1/jjwt-0.9.1.jar:/Users/wangzifeng/.m2/repository/com/fasterxml/jackson/core/jackson-databind/2.10.3/jackson-databind-2.10.3.jar:/Users/wangzifeng/.m2/repository/commons-beanutils/commons-beanutils/1.9.3/commons-beanutils-1.9.3.jar:/Users/wangzifeng/.m2/repository/commons-logging/commons-logging/1.2/commons-logging-1.2.jar:/Users/wangzifeng/.m2/repository/commons-collections/commons-collections/3.2.2/commons-collections-3.2.2.jar:/Users/wangzifeng/.m2/repository/org/springframework/spring-web/5.2.5.RELEASE/spring-web-5.2.5.RELEASE.jar:/Users/wangzifeng/.m2/repository/org/springframework/spring-beans/5.2.5.RELEASE/spring-beans-5.2.5.RELEASE.jar:/Users/wangzifeng/.m2/repository/org/springframework/security/spring-security-crypto/5.2.2.RELEASE/spring-security-crypto-5.2.2.RELEASE.jar:/Users/wangzifeng/.m2/repository/org/redisson/redisson/3.10.5/redisson-3.10.5.jar:/Users/wangzifeng/.m2/repository/io/netty/netty-common/4.1.48.Final/netty-common-4.1.48.Final.jar:/Users/wangzifeng/.m2/repository/io/netty/netty-codec/4.1.48.Final/netty-codec-4.1.48.Final.jar:/Users/wangzifeng/.m2/repository/io/netty/netty-buffer/4.1.48.Final/netty-buffer-4.1.48.Final.jar:/Users/wangzifeng/.m2/repository/io/netty/netty-transport/4.1.48.Final/netty-transport-4.1.48.Final.jar:/Users/wangzifeng/.m2/repository/io/netty/netty-resolver/4.1.48.Final/netty-resolver-4.1.48.Final.jar:/Users/wangzifeng/.m2/repository/io/netty/netty-resolver-dns/4.1.48.Final/netty-resolver-dns-4.1.48.Final.jar:/Users/wangzifeng/.m2/repository/io/netty/netty-codec-dns/4.1.48.Final/netty-codec-dns-4.1.48.Final.jar:/Users/wangzifeng/.m2/repository/io/netty/netty-handler/4.1.48.Final/netty-handler-4.1.48.Final.jar:/Users/wangzifeng/.m2/repository/javax/cache/cache-api/1.1.1/cache-api-1.1.1.jar:/Users/wangzifeng/.m2/repository/io/projectreactor/reactor-core/3.3.4.RELEASE/reactor-core-3.3.4.RELEASE.jar:/Users/wangzifeng/.m2/repository/org/reactivestreams/reactive-streams/1.0.3/reactive-streams-1.0.3.jar:/Users/wangzifeng/.m2/repository/io/reactivex/rxjava2/rxjava/2.2.19/rxjava-2.2.19.jar:/Users/wangzifeng/.m2/repository/de/ruedigermoeller/fst/2.57/fst-2.57.jar:/Users/wangzifeng/.m2/repository/com/fasterxml/jackson/dataformat/jackson-dataformat-yaml/2.10.3/jackson-dataformat-yaml-2.10.3.jar:/Users/wangzifeng/.m2/repository/com/fasterxml/jackson/core/jackson-core/2.10.3/jackson-core-2.10.3.jar:/Users/wangzifeng/.m2/repository/net/bytebuddy/byte-buddy/1.10.8/byte-buddy-1.10.8.jar:/Users/wangzifeng/.m2/repository/org/jodd/jodd-bean/5.0.10/jodd-bean-5.0.10.jar:/Users/wangzifeng/.m2/repository/org/jodd/jodd-core/5.0.10/jodd-core-5.0.10.jar:/Users/wangzifeng/.m2/repository/net/sourceforge/tess4j/tess4j/4.1.1/tess4j-4.1.1.jar:/Users/wangzifeng/.m2/repository/net/java/dev/jna/jna/4.5.2/jna-4.5.2.jar:/Users/wangzifeng/.m2/repository/com/github/jai-imageio/jai-imageio-core/1.4.0/jai-imageio-core-1.4.0.jar:/Users/wangzifeng/.m2/repository/org/ghost4j/ghost4j/1.0.1/ghost4j-1.0.1.jar:/Users/wangzifeng/.m2/repository/log4j/log4j/1.2.17/log4j-1.2.17.jar:/Users/wangzifeng/.m2/repository/org/apache/xmlgraphics/xmlgraphics-commons/1.4/xmlgraphics-commons-1.4.jar:/Users/wangzifeng/.m2/repository/com/lowagie/itext/2.1.7/itext-2.1.7.jar:/Users/wangzifeng/.m2/repository/org/apache/pdfbox/pdfbox/2.0.11/pdfbox-2.0.11.jar:/Users/wangzifeng/.m2/repository/org/apache/pdfbox/fontbox/2.0.11/fontbox-2.0.11.jar:/Users/wangzifeng/.m2/repository/org/apache/pdfbox/pdfbox-tools/2.0.11/pdfbox-tools-2.0.11.jar:/Users/wangzifeng/.m2/repository/org/apache/pdfbox/pdfbox-debugger/2.0.11/pdfbox-debugger-2.0.11.jar:/Users/wangzifeng/.m2/repository/org/apache/pdfbox/jbig2-imageio/3.0.1/jbig2-imageio-3.0.1.jar:/Users/wangzifeng/.m2/repository/commons-io/commons-io/2.6/commons-io-2.6.jar:/Users/wangzifeng/.m2/repository/net/sourceforge/lept4j/lept4j/1.10.0/lept4j-1.10.0.jar:/Users/wangzifeng/.m2/repository/org/jboss/jboss-vfs/3.2.12.Final/jboss-vfs-3.2.12.Final.jar:/Users/wangzifeng/.m2/repository/ch/qos/logback/logback-classic/1.2.3/logback-classic-1.2.3.jar:/Users/wangzifeng/.m2/repository/ch/qos/logback/logback-core/1.2.3/logback-core-1.2.3.jar:/Users/wangzifeng/.m2/repository/org/slf4j/jcl-over-slf4j/1.7.30/jcl-over-slf4j-1.7.30.jar:/Users/wangzifeng/.m2/repository/org/slf4j/log4j-over-slf4j/1.7.30/log4j-over-slf4j-1.7.30.jar:/Users/wangzifeng/.m2/repository/org/springframework/boot/spring-boot-starter-web/2.2.6.RELEASE/spring-boot-starter-web-2.2.6.RELEASE.jar:/Users/wangzifeng/.m2/repository/org/springframework/boot/spring-boot-starter/2.2.6.RELEASE/spring-boot-starter-2.2.6.RELEASE.jar:/Users/wangzifeng/.m2/repository/org/springframework/boot/spring-boot-autoconfigure/2.2.6.RELEASE/spring-boot-autoconfigure-2.2.6.RELEASE.jar:/Users/wangzifeng/.m2/repository/org/springframework/boot/spring-boot-starter-logging/2.2.6.RELEASE/spring-boot-starter-logging-2.2.6.RELEASE.jar:/Users/wangzifeng/.m2/repository/org/apache/logging/log4j/log4j-to-slf4j/2.12.1/log4j-to-slf4j-2.12.1.jar:/Users/wangzifeng/.m2/repository/jakarta/annotation/jakarta.annotation-api/1.3.5/jakarta.annotation-api-1.3.5.jar:/Users/wangzifeng/.m2/repository/org/yaml/snakeyaml/1.25/snakeyaml-1.25.jar:/Users/wangzifeng/.m2/repository/org/springframework/boot/spring-boot-starter-json/2.2.6.RELEASE/spring-boot-starter-json-2.2.6.RELEASE.jar:/Users/wangzifeng/.m2/repository/com/fasterxml/jackson/datatype/jackson-datatype-jdk8/2.10.3/jackson-datatype-jdk8-2.10.3.jar:/Users/wangzifeng/.m2/repository/com/fasterxml/jackson/datatype/jackson-datatype-jsr310/2.10.3/jackson-datatype-jsr310-2.10.3.jar:/Users/wangzifeng/.m2/repository/com/fasterxml/jackson/module/jackson-module-parameter-names/2.10.3/jackson-module-parameter-names-2.10.3.jar:/Users/wangzifeng/.m2/repository/org/springframework/boot/spring-boot-starter-tomcat/2.2.6.RELEASE/spring-boot-starter-tomcat-2.2.6.RELEASE.jar:/Users/wangzifeng/.m2/repository/org/apache/tomcat/embed/tomcat-embed-core/9.0.33/tomcat-embed-core-9.0.33.jar:/Users/wangzifeng/.m2/repository/org/apache/tomcat/embed/tomcat-embed-websocket/9.0.33/tomcat-embed-websocket-9.0.33.jar:/Users/wangzifeng/.m2/repository/org/springframework/spring-webmvc/5.2.5.RELEASE/spring-webmvc-5.2.5.RELEASE.jar:/Users/wangzifeng/.m2/repository/org/springframework/spring-context/5.2.5.RELEASE/spring-context-5.2.5.RELEASE.jar:/Users/wangzifeng/.m2/repository/org/springframework/spring-expression/5.2.5.RELEASE/spring-expression-5.2.5.RELEASE.jar:/Users/wangzifeng/.m2/repository/org/springframework/boot/spring-boot-starter-test/2.2.6.RELEASE/spring-boot-starter-test-2.2.6.RELEASE.jar:/Users/wangzifeng/.m2/repository/org/springframework/boot/spring-boot-test-autoconfigure/2.2.6.RELEASE/spring-boot-test-autoconfigure-2.2.6.RELEASE.jar:/Users/wangzifeng/.m2/repository/com/jayway/jsonpath/json-path/2.4.0/json-path-2.4.0.jar:/Users/wangzifeng/.m2/repository/net/minidev/json-smart/2.3/json-smart-2.3.jar:/Users/wangzifeng/.m2/repository/net/minidev/accessors-smart/1.2/accessors-smart-1.2.jar:/Users/wangzifeng/.m2/repository/org/ow2/asm/asm/5.0.4/asm-5.0.4.jar:/Users/wangzifeng/.m2/repository/jakarta/xml/bind/jakarta.xml.bind-api/2.3.3/jakarta.xml.bind-api-2.3.3.jar:/Users/wangzifeng/.m2/repository/jakarta/activation/jakarta.activation-api/1.2.2/jakarta.activation-api-1.2.2.jar:/Users/wangzifeng/.m2/repository/org/junit/jupiter/junit-jupiter/5.5.2/junit-jupiter-5.5.2.jar:/Users/wangzifeng/.m2/repository/org/junit/jupiter/junit-jupiter-api/5.5.2/junit-jupiter-api-5.5.2.jar:/Users/wangzifeng/.m2/repository/org/opentest4j/opentest4j/1.2.0/opentest4j-1.2.0.jar:/Users/wangzifeng/.m2/repository/org/junit/platform/junit-platform-commons/1.5.2/junit-platform-commons-1.5.2.jar:/Users/wangzifeng/.m2/repository/org/junit/jupiter/junit-jupiter-params/5.5.2/junit-jupiter-params-5.5.2.jar:/Users/wangzifeng/.m2/repository/org/junit/jupiter/junit-jupiter-engine/5.5.2/junit-jupiter-engine-5.5.2.jar:/Users/wangzifeng/.m2/repository/org/junit/vintage/junit-vintage-engine/5.5.2/junit-vintage-engine-5.5.2.jar:/Users/wangzifeng/.m2/repository/org/apiguardian/apiguardian-api/1.1.0/apiguardian-api-1.1.0.jar:/Users/wangzifeng/.m2/repository/org/junit/platform/junit-platform-engine/1.5.2/junit-platform-engine-1.5.2.jar:/Users/wangzifeng/.m2/repository/org/mockito/mockito-junit-jupiter/3.1.0/mockito-junit-jupiter-3.1.0.jar:/Users/wangzifeng/.m2/repository/org/assertj/assertj-core/3.13.2/assertj-core-3.13.2.jar:/Users/wangzifeng/.m2/repository/org/hamcrest/hamcrest/2.1/hamcrest-2.1.jar:/Users/wangzifeng/.m2/repository/org/mockito/mockito-core/3.1.0/mockito-core-3.1.0.jar:/Users/wangzifeng/.m2/repository/net/bytebuddy/byte-buddy-agent/1.10.8/byte-buddy-agent-1.10.8.jar:/Users/wangzifeng/.m2/repository/org/objenesis/objenesis/2.6/objenesis-2.6.jar:/Users/wangzifeng/.m2/repository/org/skyscreamer/jsonassert/1.5.0/jsonassert-1.5.0.jar:/Users/wangzifeng/.m2/repository/com/vaadin/external/google/android-json/0.0.20131108.vaadin1/android-json-0.0.20131108.vaadin1.jar:/Users/wangzifeng/.m2/repository/org/springframework/spring-core/5.2.5.RELEASE/spring-core-5.2.5.RELEASE.jar:/Users/wangzifeng/.m2/repository/org/springframework/spring-jcl/5.2.5.RELEASE/spring-jcl-5.2.5.RELEASE.jar:/Users/wangzifeng/.m2/repository/org/springframework/spring-test/5.2.5.RELEASE/spring-test-5.2.5.RELEASE.jar:/Users/wangzifeng/.m2/repository/org/xmlunit/xmlunit-core/2.6.4/xmlunit-core-2.6.4.jar:/Users/wangzifeng/.m2/repository/com/alibaba/cloud/spring-cloud-starter-alibaba-nacos-discovery/2.2.0.RELEASE/spring-cloud-starter-alibaba-nacos-discovery-2.2.0.RELEASE.jar:/Users/wangzifeng/.m2/repository/com/alibaba/cloud/spring-cloud-alibaba-nacos-discovery/2.2.0.RELEASE/spring-cloud-alibaba-nacos-discovery-2.2.0.RELEASE.jar:/Users/wangzifeng/.m2/repository/com/alibaba/nacos/nacos-client/1.1.4/nacos-client-1.1.4.jar:/Users/wangzifeng/.m2/repository/com/alibaba/nacos/nacos-common/1.1.4/nacos-common-1.1.4.jar:/Users/wangzifeng/.m2/repository/com/alibaba/nacos/nacos-api/1.1.4/nacos-api-1.1.4.jar:/Users/wangzifeng/.m2/repository/io/prometheus/simpleclient/0.5.0/simpleclient-0.5.0.jar:/Users/wangzifeng/.m2/repository/com/alibaba/spring/spring-context-support/1.0.5/spring-context-support-1.0.5.jar:/Users/wangzifeng/.m2/repository/org/springframework/cloud/spring-cloud-commons/2.2.2.RELEASE/spring-cloud-commons-2.2.2.RELEASE.jar:/Users/wangzifeng/.m2/repository/org/springframework/cloud/spring-cloud-context/2.2.2.RELEASE/spring-cloud-context-2.2.2.RELEASE.jar:/Users/wangzifeng/.m2/repository/org/springframework/cloud/spring-cloud-starter-netflix-ribbon/2.2.2.RELEASE/spring-cloud-starter-netflix-ribbon-2.2.2.RELEASE.jar:/Users/wangzifeng/.m2/repository/org/springframework/cloud/spring-cloud-starter/2.2.2.RELEASE/spring-cloud-starter-2.2.2.RELEASE.jar:/Users/wangzifeng/.m2/repository/org/springframework/security/spring-security-rsa/1.0.9.RELEASE/spring-security-rsa-1.0.9.RELEASE.jar:/Users/wangzifeng/.m2/repository/org/bouncycastle/bcpkix-jdk15on/1.64/bcpkix-jdk15on-1.64.jar:/Users/wangzifeng/.m2/repository/org/bouncycastle/bcprov-jdk15on/1.64/bcprov-jdk15on-1.64.jar:/Users/wangzifeng/.m2/repository/org/springframework/cloud/spring-cloud-netflix-ribbon/2.2.2.RELEASE/spring-cloud-netflix-ribbon-2.2.2.RELEASE.jar:/Users/wangzifeng/.m2/repository/org/springframework/cloud/spring-cloud-netflix-archaius/2.2.2.RELEASE/spring-cloud-netflix-archaius-2.2.2.RELEASE.jar:/Users/wangzifeng/.m2/repository/org/springframework/cloud/spring-cloud-starter-netflix-archaius/2.2.2.RELEASE/spring-cloud-starter-netflix-archaius-2.2.2.RELEASE.jar:/Users/wangzifeng/.m2/repository/com/netflix/archaius/archaius-core/0.7.6/archaius-core-0.7.6.jar:/Users/wangzifeng/.m2/repository/commons-configuration/commons-configuration/1.8/commons-configuration-1.8.jar:/Users/wangzifeng/.m2/repository/com/netflix/ribbon/ribbon/2.3.0/ribbon-2.3.0.jar:/Users/wangzifeng/.m2/repository/com/netflix/ribbon/ribbon-transport/2.3.0/ribbon-transport-2.3.0.jar:/Users/wangzifeng/.m2/repository/io/reactivex/rxnetty-contexts/0.4.9/rxnetty-contexts-0.4.9.jar:/Users/wangzifeng/.m2/repository/io/reactivex/rxnetty-servo/0.4.9/rxnetty-servo-0.4.9.jar:/Users/wangzifeng/.m2/repository/com/netflix/hystrix/hystrix-core/1.5.18/hystrix-core-1.5.18.jar:/Users/wangzifeng/.m2/repository/javax/inject/javax.inject/1/javax.inject-1.jar:/Users/wangzifeng/.m2/repository/io/reactivex/rxnetty/0.4.9/rxnetty-0.4.9.jar:/Users/wangzifeng/.m2/repository/com/netflix/ribbon/ribbon-core/2.3.0/ribbon-core-2.3.0.jar:/Users/wangzifeng/.m2/repository/commons-lang/commons-lang/2.6/commons-lang-2.6.jar:/Users/wangzifeng/.m2/repository/com/netflix/ribbon/ribbon-httpclient/2.3.0/ribbon-httpclient-2.3.0.jar:/Users/wangzifeng/.m2/repository/com/sun/jersey/jersey-client/1.19.1/jersey-client-1.19.1.jar:/Users/wangzifeng/.m2/repository/com/sun/jersey/contribs/jersey-apache-client4/1.19.1/jersey-apache-client4-1.19.1.jar:/Users/wangzifeng/.m2/repository/com/netflix/servo/servo-core/0.12.21/servo-core-0.12.21.jar:/Users/wangzifeng/.m2/repository/com/netflix/netflix-commons/netflix-commons-util/0.3.0/netflix-commons-util-0.3.0.jar:/Users/wangzifeng/.m2/repository/com/netflix/ribbon/ribbon-loadbalancer/2.3.0/ribbon-loadbalancer-2.3.0.jar:/Users/wangzifeng/.m2/repository/com/netflix/netflix-commons/netflix-statistics/0.1.1/netflix-statistics-0.1.1.jar:/Users/wangzifeng/.m2/repository/io/reactivex/rxjava/1.3.8/rxjava-1.3.8.jar:/Users/wangzifeng/.m2/repository/org/elasticsearch/client/elasticsearch-rest-high-level-client/7.4.0/elasticsearch-rest-high-level-client-7.4.0.jar:/Users/wangzifeng/.m2/repository/org/elasticsearch/plugin/mapper-extras/7.4.0/mapper-extras-7.4.0.jar:/Users/wangzifeng/.m2/repository/org/elasticsearch/plugin/parent-join-client/7.4.0/parent-join-client-7.4.0.jar:/Users/wangzifeng/.m2/repository/org/elasticsearch/plugin/aggs-matrix-stats-client/7.4.0/aggs-matrix-stats-client-7.4.0.jar:/Users/wangzifeng/.m2/repository/org/elasticsearch/plugin/rank-eval-client/7.4.0/rank-eval-client-7.4.0.jar:/Users/wangzifeng/.m2/repository/org/elasticsearch/plugin/lang-mustache-client/7.4.0/lang-mustache-client-7.4.0.jar:/Users/wangzifeng/.m2/repository/com/github/spullara/mustache/java/compiler/0.9.3/compiler-0.9.3.jar:/Users/wangzifeng/.m2/repository/org/elasticsearch/client/elasticsearch-rest-client/7.4.0/elasticsearch-rest-client-7.4.0.jar:/Users/wangzifeng/.m2/repository/org/apache/httpcomponents/httpclient/4.5.12/httpclient-4.5.12.jar:/Users/wangzifeng/.m2/repository/org/apache/httpcomponents/httpcore/4.4.13/httpcore-4.4.13.jar:/Users/wangzifeng/.m2/repository/org/apache/httpcomponents/httpasyncclient/4.1.4/httpasyncclient-4.1.4.jar:/Users/wangzifeng/.m2/repository/org/apache/httpcomponents/httpcore-nio/4.4.13/httpcore-nio-4.4.13.jar:/Users/wangzifeng/.m2/repository/org/elasticsearch/elasticsearch/7.4.0/elasticsearch-7.4.0.jar:/Users/wangzifeng/.m2/repository/org/elasticsearch/elasticsearch-core/7.4.0/elasticsearch-core-7.4.0.jar:/Users/wangzifeng/.m2/repository/org/elasticsearch/elasticsearch-secure-sm/7.4.0/elasticsearch-secure-sm-7.4.0.jar:/Users/wangzifeng/.m2/repository/org/elasticsearch/elasticsearch-x-content/7.4.0/elasticsearch-x-content-7.4.0.jar:/Users/wangzifeng/.m2/repository/com/fasterxml/jackson/dataformat/jackson-dataformat-smile/2.10.3/jackson-dataformat-smile-2.10.3.jar:/Users/wangzifeng/.m2/repository/com/fasterxml/jackson/dataformat/jackson-dataformat-cbor/2.9.9/jackson-dataformat-cbor-2.9.9.jar:/Users/wangzifeng/.m2/repository/org/elasticsearch/elasticsearch-geo/7.4.0/elasticsearch-geo-7.4.0.jar:/Users/wangzifeng/.m2/repository/org/apache/lucene/lucene-core/8.2.0/lucene-core-8.2.0.jar:/Users/wangzifeng/.m2/repository/org/apache/lucene/lucene-analyzers-common/8.2.0/lucene-analyzers-common-8.2.0.jar:/Users/wangzifeng/.m2/repository/org/apache/lucene/lucene-backward-codecs/8.2.0/lucene-backward-codecs-8.2.0.jar:/Users/wangzifeng/.m2/repository/org/apache/lucene/lucene-grouping/8.2.0/lucene-grouping-8.2.0.jar:/Users/wangzifeng/.m2/repository/org/apache/lucene/lucene-highlighter/8.2.0/lucene-highlighter-8.2.0.jar:/Users/wangzifeng/.m2/repository/org/apache/lucene/lucene-join/8.2.0/lucene-join-8.2.0.jar:/Users/wangzifeng/.m2/repository/org/apache/lucene/lucene-memory/8.2.0/lucene-memory-8.2.0.jar:/Users/wangzifeng/.m2/repository/org/apache/lucene/lucene-misc/8.2.0/lucene-misc-8.2.0.jar:/Users/wangzifeng/.m2/repository/org/apache/lucene/lucene-queries/8.2.0/lucene-queries-8.2.0.jar:/Users/wangzifeng/.m2/repository/org/apache/lucene/lucene-queryparser/8.2.0/lucene-queryparser-8.2.0.jar:/Users/wangzifeng/.m2/repository/org/apache/lucene/lucene-sandbox/8.2.0/lucene-sandbox-8.2.0.jar:/Users/wangzifeng/.m2/repository/org/apache/lucene/lucene-spatial/8.2.0/lucene-spatial-8.2.0.jar:/Users/wangzifeng/.m2/repository/org/apache/lucene/lucene-spatial-extras/8.2.0/lucene-spatial-extras-8.2.0.jar:/Users/wangzifeng/.m2/repository/org/apache/lucene/lucene-spatial3d/8.2.0/lucene-spatial3d-8.2.0.jar:/Users/wangzifeng/.m2/repository/org/apache/lucene/lucene-suggest/8.2.0/lucene-suggest-8.2.0.jar:/Users/wangzifeng/.m2/repository/org/elasticsearch/elasticsearch-cli/7.4.0/elasticsearch-cli-7.4.0.jar:/Users/wangzifeng/.m2/repository/net/sf/jopt-simple/jopt-simple/5.0.2/jopt-simple-5.0.2.jar:/Users/wangzifeng/.m2/repository/com/carrotsearch/hppc/0.8.1/hppc-0.8.1.jar:/Users/wangzifeng/.m2/repository/com/tdunning/t-digest/3.2/t-digest-3.2.jar:/Users/wangzifeng/.m2/repository/org/hdrhistogram/HdrHistogram/2.1.9/HdrHistogram-2.1.9.jar:/Users/wangzifeng/.m2/repository/org/apache/logging/log4j/log4j-api/2.12.1/log4j-api-2.12.1.jar:/Users/wangzifeng/.m2/repository/org/elasticsearch/jna/4.5.1/jna-4.5.1.jar:/Users/wangzifeng/.m2/repository/org/springframework/boot/spring-boot-starter-log4j2/2.2.6.RELEASE/spring-boot-starter-log4j2-2.2.6.RELEASE.jar:/Users/wangzifeng/.m2/repository/org/apache/logging/log4j/log4j-slf4j-impl/2.12.1/log4j-slf4j-impl-2.12.1.jar:/Users/wangzifeng/.m2/repository/org/apache/logging/log4j/log4j-core/2.12.1/log4j-core-2.12.1.jar:/Users/wangzifeng/.m2/repository/org/apache/logging/log4j/log4j-jul/2.12.1/log4j-jul-2.12.1.jar:/Users/wangzifeng/.m2/repository/org/slf4j/jul-to-slf4j/1.7.30/jul-to-slf4j-1.7.30.jar:/Users/wangzifeng/.m2/repository/org/projectlombok/lombok/1.18.8/lombok-1.18.8.jar:/Users/wangzifeng/.m2/repository/org/apache/commons/commons-lang3/3.5/commons-lang3-3.5.jar:"/>
    <property name="java.vm.vendor" value="Azul Systems, Inc."/>
    <property name="sun.arch.data.model" value="64"/>
    <property name="java.vendor.url" value="http://www.azulsystems.com/"/>
    <property name="user.timezone" value=""/>
    <property name="java.vm.specification.version" value="1.8"/>
    <property name="os.name" value="Mac OS X"/>
    <property name="user.country" value="CN"/>
    <property name="sun.java.launcher" value="SUN_STANDARD"/>
    <property name="sun.boot.library.path" value="/Library/Java/JavaVirtualMachines/zulu-8.jdk/Contents/Home/jre/lib"/>
    <property name="sun.java.command" value="/Users/wangzifeng/Documents/myprojects/heima-leadnews/heima-leadnews-search/target/surefire/surefirebooter8241319724488816059.jar /Users/wangzifeng/Documents/myprojects/heima-leadnews/heima-leadnews-search/target/surefire 2022-09-11T12-38-46_393-jvmRun1 surefire2370729830709789400tmp surefire_12103165762042087838tmp"/>
    <property name="http.nonProxyHosts" value="local|*.local|169.254/16|*.169.254/16"/>
    <property name="surefire.test.class.path" value="/Users/wangzifeng/Documents/myprojects/heima-leadnews/heima-leadnews-search/target/test-classes:/Users/wangzifeng/Documents/myprojects/heima-leadnews/heima-leadnews-search/target/classes:/Users/wangzifeng/Documents/myprojects/heima-leadnews/heima-leadnews-model/target/heima-leadnews-model-1.0-SNAPSHOT.jar:/Users/wangzifeng/.m2/repository/com/alibaba/fastjson/1.2.58/fastjson-1.2.58.jar:/Users/wangzifeng/.m2/repository/io/springfox/springfox-swagger2/2.9.2/springfox-swagger2-2.9.2.jar:/Users/wangzifeng/.m2/repository/io/swagger/swagger-annotations/1.5.20/swagger-annotations-1.5.20.jar:/Users/wangzifeng/.m2/repository/io/swagger/swagger-models/1.5.20/swagger-models-1.5.20.jar:/Users/wangzifeng/.m2/repository/com/fasterxml/jackson/core/jackson-annotations/2.10.3/jackson-annotations-2.10.3.jar:/Users/wangzifeng/.m2/repository/io/springfox/springfox-spi/2.9.2/springfox-spi-2.9.2.jar:/Users/wangzifeng/.m2/repository/io/springfox/springfox-core/2.9.2/springfox-core-2.9.2.jar:/Users/wangzifeng/.m2/repository/io/springfox/springfox-schema/2.9.2/springfox-schema-2.9.2.jar:/Users/wangzifeng/.m2/repository/io/springfox/springfox-swagger-common/2.9.2/springfox-swagger-common-2.9.2.jar:/Users/wangzifeng/.m2/repository/io/springfox/springfox-spring-web/2.9.2/springfox-spring-web-2.9.2.jar:/Users/wangzifeng/.m2/repository/com/google/guava/guava/28.2-android/guava-28.2-android.jar:/Users/wangzifeng/.m2/repository/com/google/guava/failureaccess/1.0.1/failureaccess-1.0.1.jar:/Users/wangzifeng/.m2/repository/com/google/guava/listenablefuture/9999.0-empty-to-avoid-conflict-with-guava/listenablefuture-9999.0-empty-to-avoid-conflict-with-guava.jar:/Users/wangzifeng/.m2/repository/com/google/code/findbugs/jsr305/3.0.2/jsr305-3.0.2.jar:/Users/wangzifeng/.m2/repository/org/checkerframework/checker-compat-qual/2.5.5/checker-compat-qual-2.5.5.jar:/Users/wangzifeng/.m2/repository/com/google/errorprone/error_prone_annotations/2.3.4/error_prone_annotations-2.3.4.jar:/Users/wangzifeng/.m2/repository/com/google/j2objc/j2objc-annotations/1.3/j2objc-annotations-1.3.jar:/Users/wangzifeng/.m2/repository/com/fasterxml/classmate/1.5.1/classmate-1.5.1.jar:/Users/wangzifeng/.m2/repository/org/slf4j/slf4j-api/1.7.30/slf4j-api-1.7.30.jar:/Users/wangzifeng/.m2/repository/org/springframework/plugin/spring-plugin-core/1.2.0.RELEASE/spring-plugin-core-1.2.0.RELEASE.jar:/Users/wangzifeng/.m2/repository/org/springframework/plugin/spring-plugin-metadata/1.2.0.RELEASE/spring-plugin-metadata-1.2.0.RELEASE.jar:/Users/wangzifeng/.m2/repository/org/mapstruct/mapstruct/1.2.0.Final/mapstruct-1.2.0.Final.jar:/Users/wangzifeng/.m2/repository/io/springfox/springfox-swagger-ui/2.9.2/springfox-swagger-ui-2.9.2.jar:/Users/wangzifeng/.m2/repository/org/springframework/boot/spring-boot-starter-validation/2.2.6.RELEASE/spring-boot-starter-validation-2.2.6.RELEASE.jar:/Users/wangzifeng/.m2/repository/jakarta/validation/jakarta.validation-api/2.0.2/jakarta.validation-api-2.0.2.jar:/Users/wangzifeng/.m2/repository/org/apache/tomcat/embed/tomcat-embed-el/9.0.33/tomcat-embed-el-9.0.33.jar:/Users/wangzifeng/.m2/repository/org/hibernate/validator/hibernate-validator/6.0.18.Final/hibernate-validator-6.0.18.Final.jar:/Users/wangzifeng/.m2/repository/org/jboss/logging/jboss-logging/3.4.1.Final/jboss-logging-3.4.1.Final.jar:/Users/wangzifeng/Documents/myprojects/heima-leadnews/heima-leadnews-common/target/heima-leadnews-common-1.0-SNAPSHOT.jar:/Users/wangzifeng/.m2/repository/org/reflections/reflections/0.9.11/reflections-0.9.11.jar:/Users/wangzifeng/.m2/repository/org/javassist/javassist/3.21.0-GA/javassist-3.21.0-GA.jar:/Users/wangzifeng/.m2/repository/org/springframework/boot/spring-boot-starter-aop/2.2.6.RELEASE/spring-boot-starter-aop-2.2.6.RELEASE.jar:/Users/wangzifeng/.m2/repository/org/springframework/spring-aop/5.2.5.RELEASE/spring-aop-5.2.5.RELEASE.jar:/Users/wangzifeng/.m2/repository/org/aspectj/aspectjweaver/1.9.5/aspectjweaver-1.9.5.jar:/Users/wangzifeng/.m2/repository/org/springframework/boot/spring-boot-test/2.2.6.RELEASE/spring-boot-test-2.2.6.RELEASE.jar:/Users/wangzifeng/.m2/repository/org/springframework/boot/spring-boot/2.2.6.RELEASE/spring-boot-2.2.6.RELEASE.jar:/Users/wangzifeng/.m2/repository/org/springframework/boot/spring-boot-starter-actuator/2.2.6.RELEASE/spring-boot-starter-actuator-2.2.6.RELEASE.jar:/Users/wangzifeng/.m2/repository/org/springframework/boot/spring-boot-actuator-autoconfigure/2.2.6.RELEASE/spring-boot-actuator-autoconfigure-2.2.6.RELEASE.jar:/Users/wangzifeng/.m2/repository/org/springframework/boot/spring-boot-actuator/2.2.6.RELEASE/spring-boot-actuator-2.2.6.RELEASE.jar:/Users/wangzifeng/.m2/repository/io/micrometer/micrometer-core/1.3.6/micrometer-core-1.3.6.jar:/Users/wangzifeng/.m2/repository/org/latencyutils/LatencyUtils/2.0.3/LatencyUtils-2.0.3.jar:/Users/wangzifeng/.m2/repository/org/apache/commons/commons-pool2/2.7.0/commons-pool2-2.7.0.jar:/Users/wangzifeng/.m2/repository/com/aliyun/aliyun-java-sdk-core/4.1.1/aliyun-java-sdk-core-4.1.1.jar:/Users/wangzifeng/.m2/repository/com/google/code/gson/gson/2.8.6/gson-2.8.6.jar:/Users/wangzifeng/.m2/repository/javax/xml/bind/jaxb-api/2.3.1/jaxb-api-2.3.1.jar:/Users/wangzifeng/.m2/repository/javax/activation/javax.activation-api/1.2.0/javax.activation-api-1.2.0.jar:/Users/wangzifeng/.m2/repository/com/sun/xml/bind/jaxb-core/2.1.14/jaxb-core-2.1.14.jar:/Users/wangzifeng/.m2/repository/com/sun/xml/bind/jaxb-impl/2.1/jaxb-impl-2.1.jar:/Users/wangzifeng/.m2/repository/javax/activation/activation/1.1.1/activation-1.1.1.jar:/Users/wangzifeng/.m2/repository/com/aliyun/aliyun-java-sdk-green/3.4.1/aliyun-java-sdk-green-3.4.1.jar:/Users/wangzifeng/.m2/repository/com/aliyun/oss/aliyun-sdk-oss/3.1.0/aliyun-sdk-oss-3.1.0.jar:/Users/wangzifeng/.m2/repository/org/jdom/jdom/1.1/jdom-1.1.jar:/Users/wangzifeng/.m2/repository/com/sun/jersey/jersey-json/1.9/jersey-json-1.9.jar:/Users/wangzifeng/.m2/repository/org/codehaus/jettison/jettison/1.1/jettison-1.1.jar:/Users/wangzifeng/.m2/repository/stax/stax-api/1.0.1/stax-api-1.0.1.jar:/Users/wangzifeng/.m2/repository/org/codehaus/jackson/jackson-core-asl/1.8.3/jackson-core-asl-1.8.3.jar:/Users/wangzifeng/.m2/repository/org/codehaus/jackson/jackson-mapper-asl/1.8.3/jackson-mapper-asl-1.8.3.jar:/Users/wangzifeng/.m2/repository/org/codehaus/jackson/jackson-jaxrs/1.8.3/jackson-jaxrs-1.8.3.jar:/Users/wangzifeng/.m2/repository/org/codehaus/jackson/jackson-xc/1.8.3/jackson-xc-1.8.3.jar:/Users/wangzifeng/.m2/repository/com/sun/jersey/jersey-core/1.9/jersey-core-1.9.jar:/Users/wangzifeng/.m2/repository/com/aliyun/aliyun-java-sdk-ram/3.0.0/aliyun-java-sdk-ram-3.0.0.jar:/Users/wangzifeng/.m2/repository/com/aliyun/aliyun-java-sdk-sts/3.0.0/aliyun-java-sdk-sts-3.0.0.jar:/Users/wangzifeng/.m2/repository/com/aliyun/aliyun-java-sdk-ecs/4.2.0/aliyun-java-sdk-ecs-4.2.0.jar:/Users/wangzifeng/.m2/repository/junit/junit/4.12/junit-4.12.jar:/Users/wangzifeng/.m2/repository/org/hamcrest/hamcrest-core/2.1/hamcrest-core-2.1.jar:/Users/wangzifeng/.m2/repository/joda-time/joda-time/2.10.5/joda-time-2.10.5.jar:/Users/wangzifeng/.m2/repository/com/github/xiaoymin/knife4j-spring-boot-starter/2.0.2/knife4j-spring-boot-starter-2.0.2.jar:/Users/wangzifeng/.m2/repository/com/github/xiaoymin/knife4j-spring-boot-autoconfigure/2.0.2/knife4j-spring-boot-autoconfigure-2.0.2.jar:/Users/wangzifeng/.m2/repository/com/github/xiaoymin/knife4j-spring/2.0.2/knife4j-spring-2.0.2.jar:/Users/wangzifeng/.m2/repository/com/github/xiaoymin/knife4j-annotations/2.0.2/knife4j-annotations-2.0.2.jar:/Users/wangzifeng/.m2/repository/com/github/xiaoymin/knife4j-core/2.0.2/knife4j-core-2.0.2.jar:/Users/wangzifeng/.m2/repository/io/springfox/springfox-bean-validators/2.9.2/springfox-bean-validators-2.9.2.jar:/Users/wangzifeng/.m2/repository/com/github/xiaoymin/knife4j-spring-ui/2.0.2/knife4j-spring-ui-2.0.2.jar:/Users/wangzifeng/.m2/repository/commons-codec/commons-codec/1.12/commons-codec-1.12.jar:/Users/wangzifeng/.m2/repository/io/jsonwebtoken/jjwt/0.9.1/jjwt-0.9.1.jar:/Users/wangzifeng/.m2/repository/com/fasterxml/jackson/core/jackson-databind/2.10.3/jackson-databind-2.10.3.jar:/Users/wangzifeng/.m2/repository/commons-beanutils/commons-beanutils/1.9.3/commons-beanutils-1.9.3.jar:/Users/wangzifeng/.m2/repository/commons-logging/commons-logging/1.2/commons-logging-1.2.jar:/Users/wangzifeng/.m2/repository/commons-collections/commons-collections/3.2.2/commons-collections-3.2.2.jar:/Users/wangzifeng/.m2/repository/org/springframework/spring-web/5.2.5.RELEASE/spring-web-5.2.5.RELEASE.jar:/Users/wangzifeng/.m2/repository/org/springframework/spring-beans/5.2.5.RELEASE/spring-beans-5.2.5.RELEASE.jar:/Users/wangzifeng/.m2/repository/org/springframework/security/spring-security-crypto/5.2.2.RELEASE/spring-security-crypto-5.2.2.RELEASE.jar:/Users/wangzifeng/.m2/repository/org/redisson/redisson/3.10.5/redisson-3.10.5.jar:/Users/wangzifeng/.m2/repository/io/netty/netty-common/4.1.48.Final/netty-common-4.1.48.Final.jar:/Users/wangzifeng/.m2/repository/io/netty/netty-codec/4.1.48.Final/netty-codec-4.1.48.Final.jar:/Users/wangzifeng/.m2/repository/io/netty/netty-buffer/4.1.48.Final/netty-buffer-4.1.48.Final.jar:/Users/wangzifeng/.m2/repository/io/netty/netty-transport/4.1.48.Final/netty-transport-4.1.48.Final.jar:/Users/wangzifeng/.m2/repository/io/netty/netty-resolver/4.1.48.Final/netty-resolver-4.1.48.Final.jar:/Users/wangzifeng/.m2/repository/io/netty/netty-resolver-dns/4.1.48.Final/netty-resolver-dns-4.1.48.Final.jar:/Users/wangzifeng/.m2/repository/io/netty/netty-codec-dns/4.1.48.Final/netty-codec-dns-4.1.48.Final.jar:/Users/wangzifeng/.m2/repository/io/netty/netty-handler/4.1.48.Final/netty-handler-4.1.48.Final.jar:/Users/wangzifeng/.m2/repository/javax/cache/cache-api/1.1.1/cache-api-1.1.1.jar:/Users/wangzifeng/.m2/repository/io/projectreactor/reactor-core/3.3.4.RELEASE/reactor-core-3.3.4.RELEASE.jar:/Users/wangzifeng/.m2/repository/org/reactivestreams/reactive-streams/1.0.3/reactive-streams-1.0.3.jar:/Users/wangzifeng/.m2/repository/io/reactivex/rxjava2/rxjava/2.2.19/rxjava-2.2.19.jar:/Users/wangzifeng/.m2/repository/de/ruedigermoeller/fst/2.57/fst-2.57.jar:/Users/wangzifeng/.m2/repository/com/fasterxml/jackson/dataformat/jackson-dataformat-yaml/2.10.3/jackson-dataformat-yaml-2.10.3.jar:/Users/wangzifeng/.m2/repository/com/fasterxml/jackson/core/jackson-core/2.10.3/jackson-core-2.10.3.jar:/Users/wangzifeng/.m2/repository/net/bytebuddy/byte-buddy/1.10.8/byte-buddy-1.10.8.jar:/Users/wangzifeng/.m2/repository/org/jodd/jodd-bean/5.0.10/jodd-bean-5.0.10.jar:/Users/wangzifeng/.m2/repository/org/jodd/jodd-core/5.0.10/jodd-core-5.0.10.jar:/Users/wangzifeng/.m2/repository/net/sourceforge/tess4j/tess4j/4.1.1/tess4j-4.1.1.jar:/Users/wangzifeng/.m2/repository/net/java/dev/jna/jna/4.5.2/jna-4.5.2.jar:/Users/wangzifeng/.m2/repository/com/github/jai-imageio/jai-imageio-core/1.4.0/jai-imageio-core-1.4.0.jar:/Users/wangzifeng/.m2/repository/org/ghost4j/ghost4j/1.0.1/ghost4j-1.0.1.jar:/Users/wangzifeng/.m2/repository/log4j/log4j/1.2.17/log4j-1.2.17.jar:/Users/wangzifeng/.m2/repository/org/apache/xmlgraphics/xmlgraphics-commons/1.4/xmlgraphics-commons-1.4.jar:/Users/wangzifeng/.m2/repository/com/lowagie/itext/2.1.7/itext-2.1.7.jar:/Users/wangzifeng/.m2/repository/org/apache/pdfbox/pdfbox/2.0.11/pdfbox-2.0.11.jar:/Users/wangzifeng/.m2/repository/org/apache/pdfbox/fontbox/2.0.11/fontbox-2.0.11.jar:/Users/wangzifeng/.m2/repository/org/apache/pdfbox/pdfbox-tools/2.0.11/pdfbox-tools-2.0.11.jar:/Users/wangzifeng/.m2/repository/org/apache/pdfbox/pdfbox-debugger/2.0.11/pdfbox-debugger-2.0.11.jar:/Users/wangzifeng/.m2/repository/org/apache/pdfbox/jbig2-imageio/3.0.1/jbig2-imageio-3.0.1.jar:/Users/wangzifeng/.m2/repository/commons-io/commons-io/2.6/commons-io-2.6.jar:/Users/wangzifeng/.m2/repository/net/sourceforge/lept4j/lept4j/1.10.0/lept4j-1.10.0.jar:/Users/wangzifeng/.m2/repository/org/jboss/jboss-vfs/3.2.12.Final/jboss-vfs-3.2.12.Final.jar:/Users/wangzifeng/.m2/repository/ch/qos/logback/logback-classic/1.2.3/logback-classic-1.2.3.jar:/Users/wangzifeng/.m2/repository/ch/qos/logback/logback-core/1.2.3/logback-core-1.2.3.jar:/Users/wangzifeng/.m2/repository/org/slf4j/jcl-over-slf4j/1.7.30/jcl-over-slf4j-1.7.30.jar:/Users/wangzifeng/.m2/repository/org/slf4j/log4j-over-slf4j/1.7.30/log4j-over-slf4j-1.7.30.jar:/Users/wangzifeng/.m2/repository/org/springframework/boot/spring-boot-starter-web/2.2.6.RELEASE/spring-boot-starter-web-2.2.6.RELEASE.jar:/Users/wangzifeng/.m2/repository/org/springframework/boot/spring-boot-starter/2.2.6.RELEASE/spring-boot-starter-2.2.6.RELEASE.jar:/Users/wangzifeng/.m2/repository/org/springframework/boot/spring-boot-autoconfigure/2.2.6.RELEASE/spring-boot-autoconfigure-2.2.6.RELEASE.jar:/Users/wangzifeng/.m2/repository/org/springframework/boot/spring-boot-starter-logging/2.2.6.RELEASE/spring-boot-starter-logging-2.2.6.RELEASE.jar:/Users/wangzifeng/.m2/repository/org/apache/logging/log4j/log4j-to-slf4j/2.12.1/log4j-to-slf4j-2.12.1.jar:/Users/wangzifeng/.m2/repository/jakarta/annotation/jakarta.annotation-api/1.3.5/jakarta.annotation-api-1.3.5.jar:/Users/wangzifeng/.m2/repository/org/yaml/snakeyaml/1.25/snakeyaml-1.25.jar:/Users/wangzifeng/.m2/repository/org/springframework/boot/spring-boot-starter-json/2.2.6.RELEASE/spring-boot-starter-json-2.2.6.RELEASE.jar:/Users/wangzifeng/.m2/repository/com/fasterxml/jackson/datatype/jackson-datatype-jdk8/2.10.3/jackson-datatype-jdk8-2.10.3.jar:/Users/wangzifeng/.m2/repository/com/fasterxml/jackson/datatype/jackson-datatype-jsr310/2.10.3/jackson-datatype-jsr310-2.10.3.jar:/Users/wangzifeng/.m2/repository/com/fasterxml/jackson/module/jackson-module-parameter-names/2.10.3/jackson-module-parameter-names-2.10.3.jar:/Users/wangzifeng/.m2/repository/org/springframework/boot/spring-boot-starter-tomcat/2.2.6.RELEASE/spring-boot-starter-tomcat-2.2.6.RELEASE.jar:/Users/wangzifeng/.m2/repository/org/apache/tomcat/embed/tomcat-embed-core/9.0.33/tomcat-embed-core-9.0.33.jar:/Users/wangzifeng/.m2/repository/org/apache/tomcat/embed/tomcat-embed-websocket/9.0.33/tomcat-embed-websocket-9.0.33.jar:/Users/wangzifeng/.m2/repository/org/springframework/spring-webmvc/5.2.5.RELEASE/spring-webmvc-5.2.5.RELEASE.jar:/Users/wangzifeng/.m2/repository/org/springframework/spring-context/5.2.5.RELEASE/spring-context-5.2.5.RELEASE.jar:/Users/wangzifeng/.m2/repository/org/springframework/spring-expression/5.2.5.RELEASE/spring-expression-5.2.5.RELEASE.jar:/Users/wangzifeng/.m2/repository/org/springframework/boot/spring-boot-starter-test/2.2.6.RELEASE/spring-boot-starter-test-2.2.6.RELEASE.jar:/Users/wangzifeng/.m2/repository/org/springframework/boot/spring-boot-test-autoconfigure/2.2.6.RELEASE/spring-boot-test-autoconfigure-2.2.6.RELEASE.jar:/Users/wangzifeng/.m2/repository/com/jayway/jsonpath/json-path/2.4.0/json-path-2.4.0.jar:/Users/wangzifeng/.m2/repository/net/minidev/json-smart/2.3/json-smart-2.3.jar:/Users/wangzifeng/.m2/repository/net/minidev/accessors-smart/1.2/accessors-smart-1.2.jar:/Users/wangzifeng/.m2/repository/org/ow2/asm/asm/5.0.4/asm-5.0.4.jar:/Users/wangzifeng/.m2/repository/jakarta/xml/bind/jakarta.xml.bind-api/2.3.3/jakarta.xml.bind-api-2.3.3.jar:/Users/wangzifeng/.m2/repository/jakarta/activation/jakarta.activation-api/1.2.2/jakarta.activation-api-1.2.2.jar:/Users/wangzifeng/.m2/repository/org/junit/jupiter/junit-jupiter/5.5.2/junit-jupiter-5.5.2.jar:/Users/wangzifeng/.m2/repository/org/junit/jupiter/junit-jupiter-api/5.5.2/junit-jupiter-api-5.5.2.jar:/Users/wangzifeng/.m2/repository/org/opentest4j/opentest4j/1.2.0/opentest4j-1.2.0.jar:/Users/wangzifeng/.m2/repository/org/junit/platform/junit-platform-commons/1.5.2/junit-platform-commons-1.5.2.jar:/Users/wangzifeng/.m2/repository/org/junit/jupiter/junit-jupiter-params/5.5.2/junit-jupiter-params-5.5.2.jar:/Users/wangzifeng/.m2/repository/org/junit/jupiter/junit-jupiter-engine/5.5.2/junit-jupiter-engine-5.5.2.jar:/Users/wangzifeng/.m2/repository/org/junit/vintage/junit-vintage-engine/5.5.2/junit-vintage-engine-5.5.2.jar:/Users/wangzifeng/.m2/repository/org/apiguardian/apiguardian-api/1.1.0/apiguardian-api-1.1.0.jar:/Users/wangzifeng/.m2/repository/org/junit/platform/junit-platform-engine/1.5.2/junit-platform-engine-1.5.2.jar:/Users/wangzifeng/.m2/repository/org/mockito/mockito-junit-jupiter/3.1.0/mockito-junit-jupiter-3.1.0.jar:/Users/wangzifeng/.m2/repository/org/assertj/assertj-core/3.13.2/assertj-core-3.13.2.jar:/Users/wangzifeng/.m2/repository/org/hamcrest/hamcrest/2.1/hamcrest-2.1.jar:/Users/wangzifeng/.m2/repository/org/mockito/mockito-core/3.1.0/mockito-core-3.1.0.jar:/Users/wangzifeng/.m2/repository/net/bytebuddy/byte-buddy-agent/1.10.8/byte-buddy-agent-1.10.8.jar:/Users/wangzifeng/.m2/repository/org/objenesis/objenesis/2.6/objenesis-2.6.jar:/Users/wangzifeng/.m2/repository/org/skyscreamer/jsonassert/1.5.0/jsonassert-1.5.0.jar:/Users/wangzifeng/.m2/repository/com/vaadin/external/google/android-json/0.0.20131108.vaadin1/android-json-0.0.20131108.vaadin1.jar:/Users/wangzifeng/.m2/repository/org/springframework/spring-core/5.2.5.RELEASE/spring-core-5.2.5.RELEASE.jar:/Users/wangzifeng/.m2/repository/org/springframework/spring-jcl/5.2.5.RELEASE/spring-jcl-5.2.5.RELEASE.jar:/Users/wangzifeng/.m2/repository/org/springframework/spring-test/5.2.5.RELEASE/spring-test-5.2.5.RELEASE.jar:/Users/wangzifeng/.m2/repository/org/xmlunit/xmlunit-core/2.6.4/xmlunit-core-2.6.4.jar:/Users/wangzifeng/.m2/repository/com/alibaba/cloud/spring-cloud-starter-alibaba-nacos-discovery/2.2.0.RELEASE/spring-cloud-starter-alibaba-nacos-discovery-2.2.0.RELEASE.jar:/Users/wangzifeng/.m2/repository/com/alibaba/cloud/spring-cloud-alibaba-nacos-discovery/2.2.0.RELEASE/spring-cloud-alibaba-nacos-discovery-2.2.0.RELEASE.jar:/Users/wangzifeng/.m2/repository/com/alibaba/nacos/nacos-client/1.1.4/nacos-client-1.1.4.jar:/Users/wangzifeng/.m2/repository/com/alibaba/nacos/nacos-common/1.1.4/nacos-common-1.1.4.jar:/Users/wangzifeng/.m2/repository/com/alibaba/nacos/nacos-api/1.1.4/nacos-api-1.1.4.jar:/Users/wangzifeng/.m2/repository/io/prometheus/simpleclient/0.5.0/simpleclient-0.5.0.jar:/Users/wangzifeng/.m2/repository/com/alibaba/spring/spring-context-support/1.0.5/spring-context-support-1.0.5.jar:/Users/wangzifeng/.m2/repository/org/springframework/cloud/spring-cloud-commons/2.2.2.RELEASE/spring-cloud-commons-2.2.2.RELEASE.jar:/Users/wangzifeng/.m2/repository/org/springframework/cloud/spring-cloud-context/2.2.2.RELEASE/spring-cloud-context-2.2.2.RELEASE.jar:/Users/wangzifeng/.m2/repository/org/springframework/cloud/spring-cloud-starter-netflix-ribbon/2.2.2.RELEASE/spring-cloud-starter-netflix-ribbon-2.2.2.RELEASE.jar:/Users/wangzifeng/.m2/repository/org/springframework/cloud/spring-cloud-starter/2.2.2.RELEASE/spring-cloud-starter-2.2.2.RELEASE.jar:/Users/wangzifeng/.m2/repository/org/springframework/security/spring-security-rsa/1.0.9.RELEASE/spring-security-rsa-1.0.9.RELEASE.jar:/Users/wangzifeng/.m2/repository/org/bouncycastle/bcpkix-jdk15on/1.64/bcpkix-jdk15on-1.64.jar:/Users/wangzifeng/.m2/repository/org/bouncycastle/bcprov-jdk15on/1.64/bcprov-jdk15on-1.64.jar:/Users/wangzifeng/.m2/repository/org/springframework/cloud/spring-cloud-netflix-ribbon/2.2.2.RELEASE/spring-cloud-netflix-ribbon-2.2.2.RELEASE.jar:/Users/wangzifeng/.m2/repository/org/springframework/cloud/spring-cloud-netflix-archaius/2.2.2.RELEASE/spring-cloud-netflix-archaius-2.2.2.RELEASE.jar:/Users/wangzifeng/.m2/repository/org/springframework/cloud/spring-cloud-starter-netflix-archaius/2.2.2.RELEASE/spring-cloud-starter-netflix-archaius-2.2.2.RELEASE.jar:/Users/wangzifeng/.m2/repository/com/netflix/archaius/archaius-core/0.7.6/archaius-core-0.7.6.jar:/Users/wangzifeng/.m2/repository/commons-configuration/commons-configuration/1.8/commons-configuration-1.8.jar:/Users/wangzifeng/.m2/repository/com/netflix/ribbon/ribbon/2.3.0/ribbon-2.3.0.jar:/Users/wangzifeng/.m2/repository/com/netflix/ribbon/ribbon-transport/2.3.0/ribbon-transport-2.3.0.jar:/Users/wangzifeng/.m2/repository/io/reactivex/rxnetty-contexts/0.4.9/rxnetty-contexts-0.4.9.jar:/Users/wangzifeng/.m2/repository/io/reactivex/rxnetty-servo/0.4.9/rxnetty-servo-0.4.9.jar:/Users/wangzifeng/.m2/repository/com/netflix/hystrix/hystrix-core/1.5.18/hystrix-core-1.5.18.jar:/Users/wangzifeng/.m2/repository/javax/inject/javax.inject/1/javax.inject-1.jar:/Users/wangzifeng/.m2/repository/io/reactivex/rxnetty/0.4.9/rxnetty-0.4.9.jar:/Users/wangzifeng/.m2/repository/com/netflix/ribbon/ribbon-core/2.3.0/ribbon-core-2.3.0.jar:/Users/wangzifeng/.m2/repository/commons-lang/commons-lang/2.6/commons-lang-2.6.jar:/Users/wangzifeng/.m2/repository/com/netflix/ribbon/ribbon-httpclient/2.3.0/ribbon-httpclient-2.3.0.jar:/Users/wangzifeng/.m2/repository/com/sun/jersey/jersey-client/1.19.1/jersey-client-1.19.1.jar:/Users/wangzifeng/.m2/repository/com/sun/jersey/contribs/jersey-apache-client4/1.19.1/jersey-apache-client4-1.19.1.jar:/Users/wangzifeng/.m2/repository/com/netflix/servo/servo-core/0.12.21/servo-core-0.12.21.jar:/Users/wangzifeng/.m2/repository/com/netflix/netflix-commons/netflix-commons-util/0.3.0/netflix-commons-util-0.3.0.jar:/Users/wangzifeng/.m2/repository/com/netflix/ribbon/ribbon-loadbalancer/2.3.0/ribbon-loadbalancer-2.3.0.jar:/Users/wangzifeng/.m2/repository/com/netflix/netflix-commons/netflix-statistics/0.1.1/netflix-statistics-0.1.1.jar:/Users/wangzifeng/.m2/repository/io/reactivex/rxjava/1.3.8/rxjava-1.3.8.jar:/Users/wangzifeng/.m2/repository/org/elasticsearch/client/elasticsearch-rest-high-level-client/7.4.0/elasticsearch-rest-high-level-client-7.4.0.jar:/Users/wangzifeng/.m2/repository/org/elasticsearch/plugin/mapper-extras/7.4.0/mapper-extras-7.4.0.jar:/Users/wangzifeng/.m2/repository/org/elasticsearch/plugin/parent-join-client/7.4.0/parent-join-client-7.4.0.jar:/Users/wangzifeng/.m2/repository/org/elasticsearch/plugin/aggs-matrix-stats-client/7.4.0/aggs-matrix-stats-client-7.4.0.jar:/Users/wangzifeng/.m2/repository/org/elasticsearch/plugin/rank-eval-client/7.4.0/rank-eval-client-7.4.0.jar:/Users/wangzifeng/.m2/repository/org/elasticsearch/plugin/lang-mustache-client/7.4.0/lang-mustache-client-7.4.0.jar:/Users/wangzifeng/.m2/repository/com/github/spullara/mustache/java/compiler/0.9.3/compiler-0.9.3.jar:/Users/wangzifeng/.m2/repository/org/elasticsearch/client/elasticsearch-rest-client/7.4.0/elasticsearch-rest-client-7.4.0.jar:/Users/wangzifeng/.m2/repository/org/apache/httpcomponents/httpclient/4.5.12/httpclient-4.5.12.jar:/Users/wangzifeng/.m2/repository/org/apache/httpcomponents/httpcore/4.4.13/httpcore-4.4.13.jar:/Users/wangzifeng/.m2/repository/org/apache/httpcomponents/httpasyncclient/4.1.4/httpasyncclient-4.1.4.jar:/Users/wangzifeng/.m2/repository/org/apache/httpcomponents/httpcore-nio/4.4.13/httpcore-nio-4.4.13.jar:/Users/wangzifeng/.m2/repository/org/elasticsearch/elasticsearch/7.4.0/elasticsearch-7.4.0.jar:/Users/wangzifeng/.m2/repository/org/elasticsearch/elasticsearch-core/7.4.0/elasticsearch-core-7.4.0.jar:/Users/wangzifeng/.m2/repository/org/elasticsearch/elasticsearch-secure-sm/7.4.0/elasticsearch-secure-sm-7.4.0.jar:/Users/wangzifeng/.m2/repository/org/elasticsearch/elasticsearch-x-content/7.4.0/elasticsearch-x-content-7.4.0.jar:/Users/wangzifeng/.m2/repository/com/fasterxml/jackson/dataformat/jackson-dataformat-smile/2.10.3/jackson-dataformat-smile-2.10.3.jar:/Users/wangzifeng/.m2/repository/com/fasterxml/jackson/dataformat/jackson-dataformat-cbor/2.9.9/jackson-dataformat-cbor-2.9.9.jar:/Users/wangzifeng/.m2/repository/org/elasticsearch/elasticsearch-geo/7.4.0/elasticsearch-geo-7.4.0.jar:/Users/wangzifeng/.m2/repository/org/apache/lucene/lucene-core/8.2.0/lucene-core-8.2.0.jar:/Users/wangzifeng/.m2/repository/org/apache/lucene/lucene-analyzers-common/8.2.0/lucene-analyzers-common-8.2.0.jar:/Users/wangzifeng/.m2/repository/org/apache/lucene/lucene-backward-codecs/8.2.0/lucene-backward-codecs-8.2.0.jar:/Users/wangzifeng/.m2/repository/org/apache/lucene/lucene-grouping/8.2.0/lucene-grouping-8.2.0.jar:/Users/wangzifeng/.m2/repository/org/apache/lucene/lucene-highlighter/8.2.0/lucene-highlighter-8.2.0.jar:/Users/wangzifeng/.m2/repository/org/apache/lucene/lucene-join/8.2.0/lucene-join-8.2.0.jar:/Users/wangzifeng/.m2/repository/org/apache/lucene/lucene-memory/8.2.0/lucene-memory-8.2.0.jar:/Users/wangzifeng/.m2/repository/org/apache/lucene/lucene-misc/8.2.0/lucene-misc-8.2.0.jar:/Users/wangzifeng/.m2/repository/org/apache/lucene/lucene-queries/8.2.0/lucene-queries-8.2.0.jar:/Users/wangzifeng/.m2/repository/org/apache/lucene/lucene-queryparser/8.2.0/lucene-queryparser-8.2.0.jar:/Users/wangzifeng/.m2/repository/org/apache/lucene/lucene-sandbox/8.2.0/lucene-sandbox-8.2.0.jar:/Users/wangzifeng/.m2/repository/org/apache/lucene/lucene-spatial/8.2.0/lucene-spatial-8.2.0.jar:/Users/wangzifeng/.m2/repository/org/apache/lucene/lucene-spatial-extras/8.2.0/lucene-spatial-extras-8.2.0.jar:/Users/wangzifeng/.m2/repository/org/apache/lucene/lucene-spatial3d/8.2.0/lucene-spatial3d-8.2.0.jar:/Users/wangzifeng/.m2/repository/org/apache/lucene/lucene-suggest/8.2.0/lucene-suggest-8.2.0.jar:/Users/wangzifeng/.m2/repository/org/elasticsearch/elasticsearch-cli/7.4.0/elasticsearch-cli-7.4.0.jar:/Users/wangzifeng/.m2/repository/net/sf/jopt-simple/jopt-simple/5.0.2/jopt-simple-5.0.2.jar:/Users/wangzifeng/.m2/repository/com/carrotsearch/hppc/0.8.1/hppc-0.8.1.jar:/Users/wangzifeng/.m2/repository/com/tdunning/t-digest/3.2/t-digest-3.2.jar:/Users/wangzifeng/.m2/repository/org/hdrhistogram/HdrHistogram/2.1.9/HdrHistogram-2.1.9.jar:/Users/wangzifeng/.m2/repository/org/apache/logging/log4j/log4j-api/2.12.1/log4j-api-2.12.1.jar:/Users/wangzifeng/.m2/repository/org/elasticsearch/jna/4.5.1/jna-4.5.1.jar:/Users/wangzifeng/.m2/repository/org/springframework/boot/spring-boot-starter-log4j2/2.2.6.RELEASE/spring-boot-starter-log4j2-2.2.6.RELEASE.jar:/Users/wangzifeng/.m2/repository/org/apache/logging/log4j/log4j-slf4j-impl/2.12.1/log4j-slf4j-impl-2.12.1.jar:/Users/wangzifeng/.m2/repository/org/apache/logging/log4j/log4j-core/2.12.1/log4j-core-2.12.1.jar:/Users/wangzifeng/.m2/repository/org/apache/logging/log4j/log4j-jul/2.12.1/log4j-jul-2.12.1.jar:/Users/wangzifeng/.m2/repository/org/slf4j/jul-to-slf4j/1.7.30/jul-to-slf4j-1.7.30.jar:/Users/wangzifeng/.m2/repository/org/projectlombok/lombok/1.18.8/lombok-1.18.8.jar:/Users/wangzifeng/.m2/repository/org/apache/commons/commons-lang3/3.5/commons-lang3-3.5.jar:"/>
    <property name="sun.cpu.endian" value="little"/>
    <property name="user.home" value="/Users/wangzifeng"/>
    <property name="user.language" value="zh"/>
    <property name="java.specification.vendor" value="Oracle Corporation"/>
    <property name="java.home" value="/Library/Java/JavaVirtualMachines/zulu-8.jdk/Contents/Home/jre"/>
    <property name="basedir" value="/Users/wangzifeng/Documents/myprojects/heima-leadnews/heima-leadnews-search"/>
    <property name="file.separator" value="/"/>
    <property name="line.separator" value="&#10;"/>
    <property name="jdk.vendor.version" value="Zulu 8.50.0.51-CA-macosx"/>
    <property name="java.vm.specification.vendor" value="Oracle Corporation"/>
    <property name="java.specification.name" value="Java Platform API Specification"/>
    <property name="java.awt.graphicsenv" value="sun.awt.CGraphicsEnvironment"/>
    <property name="surefire.real.class.path" value="/Users/wangzifeng/Documents/myprojects/heima-leadnews/heima-leadnews-search/target/surefire/surefirebooter8241319724488816059.jar"/>
    <property name="sun.boot.class.path" value="/Library/Java/JavaVirtualMachines/zulu-8.jdk/Contents/Home/jre/lib/resources.jar:/Library/Java/JavaVirtualMachines/zulu-8.jdk/Contents/Home/jre/lib/rt.jar:/Library/Java/JavaVirtualMachines/zulu-8.jdk/Contents/Home/jre/lib/sunrsasign.jar:/Library/Java/JavaVirtualMachines/zulu-8.jdk/Contents/Home/jre/lib/jsse.jar:/Library/Java/JavaVirtualMachines/zulu-8.jdk/Contents/Home/jre/lib/jce.jar:/Library/Java/JavaVirtualMachines/zulu-8.jdk/Contents/Home/jre/lib/charsets.jar:/Library/Java/JavaVirtualMachines/zulu-8.jdk/Contents/Home/jre/lib/jfr.jar:/Library/Java/JavaVirtualMachines/zulu-8.jdk/Contents/Home/jre/classes"/>
    <property name="sun.management.compiler" value="HotSpot 64-Bit Tiered Compilers"/>
    <property name="ftp.nonProxyHosts" value="local|*.local|169.254/16|*.169.254/16"/>
    <property name="java.runtime.version" value="1.8.0_275-b01"/>
    <property name="user.name" value="wangzifeng"/>
    <property name="path.separator" value=":"/>
    <property name="os.version" value="10.16"/>
    <property name="java.endorsed.dirs" value="/Library/Java/JavaVirtualMachines/zulu-8.jdk/Contents/Home/jre/lib/endorsed"/>
    <property name="java.runtime.name" value="OpenJDK Runtime Environment"/>
    <property name="file.encoding" value="UTF-8"/>
    <property name="java.vm.name" value="OpenJDK 64-Bit Server VM"/>
    <property name="localRepository" value="/Users/wangzifeng/.m2/repository"/>
    <property name="java.vendor.url.bug" value="http://www.azulsystems.com/support/"/>
    <property name="java.io.tmpdir" value="/var/folders/3h/vm7zzq_562dfvhtdqqmbm3_40000gn/T/"/>
    <property name="idea.version" value="2022.2.1"/>
    <property name="java.version" value="1.8.0_275"/>
    <property name="user.dir" value="/Users/wangzifeng/Documents/myprojects/heima-leadnews/heima-leadnews-search"/>
    <property name="os.arch" value="x86_64"/>
    <property name="java.vm.specification.name" value="Java Virtual Machine Specification"/>
    <property name="java.awt.printerjob" value="sun.lwawt.macosx.CPrinterJob"/>
    <property name="sun.os.patch.level" value="unknown"/>
    <property name="java.library.path" value="/Users/wangzifeng/Library/Java/Extensions:/Library/Java/Extensions:/Network/Library/Java/Extensions:/System/Library/Java/Extensions:/usr/lib/java:."/>
    <property name="java.vm.info" value="mixed mode"/>
    <property name="java.vendor" value="Azul Systems, Inc."/>
    <property name="java.vm.version" value="25.275-b01"/>
    <property name="java.ext.dirs" value="/Users/wangzifeng/Library/Java/Extensions:/Library/Java/JavaVirtualMachines/zulu-8.jdk/Contents/Home/jre/lib/ext:/Library/Java/Extensions:/Network/Library/Java/Extensions:/System/Library/Java/Extensions:/usr/lib/java"/>
    <property name="sun.io.unicode.encoding" value="UnicodeBig"/>
    <property name="java.class.version" value="52.0"/>
    <property name="socksNonProxyHosts" value="local|*.local|169.254/16|*.169.254/16"/>
  </properties>
  <testcase name="initializationError" classname="com.heima.search.test.RedisTest" time="0.009">
    <error message="No runnable methods" type="java.lang.Exception">java.lang.Exception: No runnable methods
</error>
    <system-err><![CDATA[SLF4J: Class path contains multiple SLF4J bindings.
SLF4J: Found binding in [jar:file:/Users/wangzifeng/.m2/repository/ch/qos/logback/logback-classic/1.2.3/logback-classic-1.2.3.jar!/org/slf4j/impl/StaticLoggerBinder.class]
SLF4J: Found binding in [jar:file:/Users/wangzifeng/.m2/repository/org/apache/logging/log4j/log4j-slf4j-impl/2.12.1/log4j-slf4j-impl-2.12.1.jar!/org/slf4j/impl/StaticLoggerBinder.class]
SLF4J: See http://www.slf4j.org/codes.html#multiple_bindings for an explanation.
SLF4J: Actual binding is of type [ch.qos.logback.classic.util.ContextSelectorStaticBinder]
]]></system-err>
  </testcase>
</testsuite>